---------------------------------------------------------------------------
PYINSTALIVE (SCRIPT V3.2.3 - PYTHON V3.8.1) - 07-28-2020 03:54:02 AM
---------------------------------------------------------------------------
You have disabled both livestream and replay downloading.
Please enable at least one of them and try again.
---------------------------------------------------------------------------
---------------------------------------------------------------------------
PYINSTALIVE (SCRIPT V3.2.3 - PYTHON V3.8.1) - 07-28-2020 03:59:18 AM
---------------------------------------------------------------------------
You have disabled both livestream and replay downloading.
Please enable at least one of them and try again.
---------------------------------------------------------------------------
---------------------------------------------------------------------------
PYINSTALIVE (SCRIPT V3.2.3 - PYTHON V3.8.1) - 07-28-2020 04:00:18 AM
---------------------------------------------------------------------------
FFmpeg framework not found, exiting.
---------------------------------------------------------------------------
---------------------------------------------------------------------------
PYINSTALIVE (SCRIPT V3.2.3 - PYTHON V3.8.1) - 07-28-2020 04:20:56 AM
---------------------------------------------------------------------------
FFmpeg framework not found, exiting.
---------------------------------------------------------------------------
